2022-08-24 18:14:24.084 DEBUG 340628 --- [http-nio-8080-exec-5] o.s.s.w.u.matcher.AntPathRequestMatcher  : Request 'PATCH /odata/UserRoles(2)' doesn't match 'PUT /logout'
2022-08-24 18:14:24.088 DEBUG 340628 --- [http-nio-8080-exec-5] o.s.s.web.util.matcher.OrRequestMatcher  : Trying to match using Ant [pattern='/logout', DELETE]
2022-08-24 18:14:24.089 DEBUG 340628 --- [http-nio-8080-exec-5] o.s.s.w.u.matcher.AntPathRequestMatcher  : Request 'PATCH /odata/UserRoles(2)' doesn't match 'DELETE /logout'
2022-08-24 18:14:24.089 DEBUG 340628 --- [http-nio-8080-exec-5] o.s.s.web.util.matcher.OrRequestMatcher  : No matches found
2022-08-24 18:14:24.089 DEBUG 340628 --- [http-nio-8080-exec-5] o.s.security.web.FilterChainProxy        : /odata/UserRoles(2) at position 5 of 11 in additional filter chain; firing Filter: 'JwtRequestFilter'
2022-08-24 18:14:24.096 DEBUG 340628 --- [http-nio-8080-exec-5] o.s.security.web.FilterChainProxy        : /odata/UserRoles(2) at position 6 of 11 in additional filter chain; firing Filter: 'RequestCacheAwareFilter'
2022-08-24 18:14:24.096 DEBUG 340628 --- [http-nio-8080-exec-5] o.s.security.web.FilterChainProxy        : /odata/UserRoles(2) at position 7 of 11 in additional filter chain; firing Filter: 'SecurityContextHolderAwareRequestFilter'
2022-08-24 18:14:24.096 DEBUG 340628 --- [http-nio-8080-exec-5] o.s.security.web.FilterChainProxy        : /odata/UserRoles(2) at position 8 of 11 in additional filter chain; firing Filter: 'AnonymousAuthenticationFilter'
2022-08-24 18:14:24.096 DEBUG 340628 --- [http-nio-8080-exec-5] o.s.s.w.a.AnonymousAuthenticationFilter  : SecurityContextHolder not populated with anonymous token, as it already contained: 'org.springframework.security.authentication.UsernamePasswordAuthenticationToken@a9f93037: Principal: com.cmd.hms.gateway.model.MyUserDetails@56065a8d; Credentials: [PROTECTED]; Authenticated: true; Details: org.springframework.security.web.authentication.WebAuthenticationDetails@957e: RemoteIpAddress: 127.0.0.1; SessionId: null; Granted Authorities: ROLE_ADMIN, ROLE_ADMIN'
2022-08-24 18:14:24.096 DEBUG 340628 --- [http-nio-8080-exec-5] o.s.security.web.FilterChainProxy        : /odata/UserRoles(2) at position 9 of 11 in additional filter chain; firing Filter: 'SessionManagementFilter'
2022-08-24 18:14:24.096 DEBUG 340628 --- [http-nio-8080-exec-5] s.CompositeSessionAuthenticationStrategy : Delegating to org.springframework.security.web.authentication.session.ChangeSessionIdAuthenticationStrategy@31f5b923
2022-08-24 18:14:24.096 DEBUG 340628 --- [http-nio-8080-exec-5] o.s.security.web.FilterChainProxy        : /odata/UserRoles(2) at position 10 of 11 in additional filter chain; firing Filter: 'ExceptionTranslationFilter'
2022-08-24 18:14:24.096 DEBUG 340628 --- [http-nio-8080-exec-5] o.s.security.web.FilterChainProxy        : /odata/UserRoles(2) at position 11 of 11 in additional filter chain; firing Filter: 'FilterSecurityInterceptor'
2022-08-24 18:14:24.096 DEBUG 340628 --- [http-nio-8080-exec-5] o.s.s.w.u.matcher.AntPathRequestMatcher  : Checking match of request : '/odata/UserRoles(2)'; against '/authenticate'
2022-08-24 18:14:24.097 DEBUG 340628 --- [http-nio-8080-exec-5] o.s.s.w.u.matcher.AntPathRequestMatcher  : Checking match of request : '/odata/UserRoles(2)'; against '/odata/$metadata'
2022-08-24 18:14:24.097 DEBUG 340628 --- [http-nio-8080-exec-5] o.s.s.w.u.matcher.AntPathRequestMatcher  : Checking match of request : '/odata/UserRoles(2)'; against '/odata/**'
2022-08-24 18:14:24.097 DEBUG 340628 --- [http-nio-8080-exec-5] o.s.s.w.a.i.FilterSecurityInterceptor    : Secure object: FilterInvocation: URL: /odata/UserRoles(2); Attributes: [hasRole('ROLE_ADMIN')]
2022-08-24 18:14:24.097 DEBUG 340628 --- [http-nio-8080-exec-5] o.s.s.w.a.i.FilterSecurityInterceptor    : Previously Authenticated: org.springframework.security.authentication.UsernamePasswordAuthenticationToken@a9f93037: Principal: com.cmd.hms.gateway.model.MyUserDetails@56065a8d; Credentials: [PROTECTED]; Authenticated: true; Details: org.springframework.security.web.authentication.WebAuthenticationDetails@957e: RemoteIpAddress: 127.0.0.1; SessionId: null; Granted Authorities: ROLE_ADMIN, ROLE_ADMIN
2022-08-24 18:14:24.098 DEBUG 340628 --- [http-nio-8080-exec-5] o.s.s.access.vote.AffirmativeBased       : Voter: org.springframework.security.web.access.expression.WebExpressionVoter@4f1c1ce4, returned: 1
2022-08-24 18:14:24.098 DEBUG 340628 --- [http-nio-8080-exec-5] o.s.s.w.a.i.FilterSecurityInterceptor    : Authorization successful
2022-08-24 18:14:24.098 DEBUG 340628 --- [http-nio-8080-exec-5] o.s.s.w.a.i.FilterSecurityInterceptor    : RunAsManager did not change Authentication object
2022-08-24 18:14:24.098 DEBUG 340628 --- [http-nio-8080-exec-5] o.s.security.web.FilterChainProxy        : /odata/UserRoles(2) reached end of additional filter chain; proceeding with original chain
2022-08-24 18:14:24.105  INFO 340628 --- [http-nio-8080-exec-5] c.c.h.g.service.CustomODataJpaProcessor  : PUT: Entity UserRoles called with key 2
2022-08-24 18:14:24.115  WARN 340628 --- [http-nio-8080-exec-5] o.h.engine.jdbc.spi.SqlExceptionHelper   : SQL Error: 23506, SQLState: 23506
2022-08-24 18:14:24.115 ERROR 340628 --- [http-nio-8080-exec-5] o.h.engine.jdbc.spi.SqlExceptionHelper   : Referential integrity constraint violation: "FKT7E7DJP752SQN6W22I6OCQY6Q: PUBLIC.USER_ROLE FOREIGN KEY(ROLE_ID) REFERENCES PUBLIC.ROLES(ROLE_ID) (100)"; SQL statement:
update user_role set role_id=?, user_id=? where user_role_id=? [23506-200]
2022-08-24 18:14:24.132 DEBUG 340628 --- [http-nio-8080-exec-5] o.s.s.w.header.writers.HstsHeaderWriter  : Not injecting HSTS header since it did not match the requestMatcher org.springframework.security.web.header.writers.HstsHeaderWriter$SecureRequestMatcher@73487996
2022-08-24 18:14:24.133 DEBUG 340628 --- [http-nio-8080-exec-5] o.s.s.w.a.ExceptionTranslationFilter     : Chain processed normally
2022-08-24 18:14:24.134 DEBUG 340628 --- [http-nio-8080-exec-5] s.s.w.c.SecurityContextPersistenceFilter : SecurityContextHolder now cleared, as request processing completed
2022-08-24 18:14:24.139 DEBUG 340628 --- [http-nio-8080-exec-7] o.s.security.web.FilterChainProxy        : /odata/UserRoles(2) at position 1 of 11 in additional filter chain; firing Filter: 'WebAsyncManagerIntegrationFilter'
2022-08-24 18:14:24.139 DEBUG 340628 --- [http-nio-8080-exec-7] o.s.security.web.FilterChainProxy        : /odata/UserRoles(2) at position 2 of 11 in additional filter chain; firing Filter: 'SecurityContextPersistenceFilter'
2022-08-24 18:14:24.139 DEBUG 340628 --- [http-nio-8080-exec-7] o.s.security.web.FilterChainProxy        : /odata/UserRoles(2) at position 3 of 11 in additional filter chain; firing Filter: 'HeaderWriterFilter'
2022-08-24 18:14:24.139 DEBUG 340628 --- [http-nio-8080-exec-7] o.s.security.web.FilterChainProxy        : /odata/UserRoles(2) at position 4 of 11 in additional filter chain; firing Filter: 'LogoutFilter'
2022-08-24 18:14:24.139 DEBUG 340628 --- [http-nio-8080-exec-7] o.s.s.web.util.matcher.OrRequestMatcher  : Trying to match using Ant [pattern='/logout', GET]
2022-08-24 18:14:24.140 DEBUG 340628 --- [http-nio-8080-exec-7] o.s.s.w.u.matcher.AntPathRequestMatcher  : Checking match of request : '/odata/UserRoles(2)'; against '/logout'
2022-08-24 18:14:24.140 DEBUG 340628 --- [http-nio-8080-exec-7] o.s.s.web.util.matcher.OrRequestMatcher  : Trying to match using Ant [pattern='/logout', POST]
2022-08-24 18:14:24.140 DEBUG 340628 --- [http-nio-8080-exec-7] o.s.s.w.u.matcher.AntPathRequestMatcher  : Request 'GET /odata/UserRoles(2)' doesn't match 'POST /logout'
2022-08-24 18:14:24.140 DEBUG 340628 --- [http-nio-8080-exec-7] o.s.s.web.util.matcher.OrRequestMatcher  : Trying to match using Ant [pattern='/logout', PUT]
2022-08-24 18:14:24.140 DEBUG 340628 --- [http-nio-8080-exec-7] o.s.s.w.u.matcher.AntPathRequestMatcher  : Request 'GET /odata/UserRoles(2)' doesn't match 'PUT /logout'
2022-08-24 18:14:24.140 DEBUG 340628 --- [http-nio-8080-exec-7] o.s.s.web.util.matcher.OrRequestMatcher  : Trying to match using Ant [pattern='/logout', DELETE]
2022-08-24 18:14:24.140 DEBUG 340628 --- [http-nio-8080-exec-7] o.s.s.w.u.matcher.AntPathRequestMatcher  : Request 'GET /odata/UserRoles(2)' doesn't match 'DELETE /logout'
2022-08-24 18:14:24.140 DEBUG 340628 --- [http-nio-8080-exec-7] o.s.s.web.util.matcher.OrRequestMatcher  : No matches found
2022-08-24 18:14:24.140 DEBUG 340628 --- [http-nio-8080-exec-7] o.s.security.web.FilterChainProxy        : /odata/UserRoles(2) at position 5 of 11 in additional filter chain; firing Filter: 'JwtRequestFilter'
2022-08-24 18:14:24.150 DEBUG 340628 --- [http-nio-8080-exec-7] o.s.security.web.FilterChainProxy        : /odata/UserRoles(2) at position 6 of 11 in additional filter chain; firing Filter: 'RequestCacheAwareFilter'
2022-08-24 18:14:24.150 DEBUG 340628 --- [http-nio-8080-exec-7] o.s.security.web.FilterChainProxy        : /odata/UserRoles(2) at position 7 of 11 in additional filter chain; firing Filter: 'SecurityContextHolderAwareRequestFilter'
2022-08-24 18:14:24.151 DEBUG 340628 --- [http-nio-8080-exec-7] o.s.security.web.FilterChainProxy        : /odata/UserRoles(2) at position 8 of 11 in additional filter chain; firing Filter: 'AnonymousAuthenticationFilter'
2022-08-24 18:14:24.151 DEBUG 340628 --- [http-nio-8080-exec-7] o.s.s.w.a.AnonymousAuthenticationFilter  : SecurityContextHolder not populated with anonymous token, as it already contained: 'org.springframework.security.authentication.UsernamePasswordAuthenticationToken@eb09d67e: Principal: com.cmd.hms.gateway.model.MyUserDetails@14f6bcc4; Credentials: [PROTECTED]; Authenticated: true; Details: org.springframework.security.web.authentication.WebAuthenticationDetails@957e: RemoteIpAddress: 127.0.0.1; SessionId: null; Granted Authorities: ROLE_ADMIN, ROLE_ADMIN'
2022-08-24 18:14:24.151 DEBUG 340628 --- [http-nio-8080-exec-7] o.s.security.web.FilterChainProxy        : /odata/UserRoles(2) at position 9 of 11 in additional filter chain; firing Filter: 'SessionManagementFilter'
2022-08-24 18:14:24.151 DEBUG 340628 --- [http-nio-8080-exec-7] s.CompositeSessionAuthenticationStrategy : Delegating to org.springframework.security.web.authentication.session.ChangeSessionIdAuthenticationStrategy@31f5b923
2022-08-24 18:14:24.151 DEBUG 340628 --- [http-nio-8080-exec-7] o.s.security.web.FilterChainProxy        : /odata/UserRoles(2) at position 10 of 11 in additional filter chain; firing Filter: 'ExceptionTranslationFilter'
2022-08-24 18:14:24.151 DEBUG 340628 --- [http-nio-8080-exec-7] o.s.security.web.FilterChainProxy        : /odata/UserRoles(2) at position 11 of 11 in additional filter chain; firing Filter: 'FilterSecurityInterceptor'
2022-08-24 18:14:24.151 DEBUG 340628 --- [http-nio-8080-exec-7] o.s.s.w.u.matcher.AntPathRequestMatcher  : Checking match of request : '/odata/UserRoles(2)'; against '/authenticate'
2022-08-24 18:14:24.151 DEBUG 340628 --- [http-nio-8080-exec-7] o.s.s.w.u.matcher.AntPathRequestMatcher  : Checking match of request : '/odata/UserRoles(2)'; against '/odata/$metadata'
2022-08-24 18:14:24.151 DEBUG 340628 --- [http-nio-8080-exec-7] o.s.s.w.u.matcher.AntPathRequestMatcher  : Checking match of request : '/odata/UserRoles(2)'; against '/odata/**'
2022-08-24 18:14:24.151 DEBUG 340628 --- [http-nio-8080-exec-7] o.s.s.w.a.i.FilterSecurityInterceptor    : Secure object: FilterInvocation: URL: /odata/UserRoles(2); Attributes: [hasRole('ROLE_ADMIN')]
2022-08-24 18:14:24.151 DEBUG 340628 --- [http-nio-8080-exec-7] o.s.s.w.a.i.FilterSecurityInterceptor    : Previously Authenticated: org.springframework.security.authentication.UsernamePasswordAuthenticationToken@eb09d67e: Principal: com.cmd.hms.gateway.model.MyUserDetails@14f6bcc4; Credentials: [PROTECTED]; Authenticated: true; Details: org.springframework.security.web.authentication.WebAuthenticationDetails@957e: RemoteIpAddress: 127.0.0.1; SessionId: null; Granted Authorities: ROLE_ADMIN, ROLE_ADMIN
2022-08-24 18:14:24.152 DEBUG 340628 --- [http-nio-8080-exec-7] o.s.s.access.vote.AffirmativeBased       : Voter: org.springframework.security.web.access.expression.WebExpressionVoter@4f1c1ce4, returned: 1
2022-08-24 18:14:24.152 DEBUG 340628 --- [http-nio-8080-exec-7] o.s.s.w.a.i.FilterSecurityInterceptor    : Authorization successful
2022-08-24 18:14:24.152 DEBUG 340628 --- [http-nio-8080-exec-7] o.s.s.w.a.i.FilterSecurityInterceptor    : RunAsManager did not change Authentication object
2022-08-24 18:14:24.152 DEBUG 340628 --- [http-nio-8080-exec-7] o.s.security.web.FilterChainProxy        : /odata/UserRoles(2) reached end of additional filter chain; proceeding with original chain
2022-08-24 18:14:24.157  INFO 340628 --- [http-nio-8080-exec-7] c.c.h.g.service.CustomODataJpaProcessor  : READ: Entity UserRoles called with key 2
2022-08-24 18:14:24.161 DEBUG 340628 --- [http-nio-8080-exec-7] o.s.s.w.header.writers.HstsHeaderWriter  : Not injecting HSTS header since it did not match the requestMatcher org.springframework.security.web.header.writers.HstsHeaderWriter$SecureRequestMatcher@73487996
2022-08-24 18:14:24.162 DEBUG 340628 --- [http-nio-8080-exec-7] o.s.s.w.a.ExceptionTranslationFilter     : Chain processed normally
2022-08-24 18:14:24.162 DEBUG 340628 --- [http-nio-8080-exec-7] s.s.w.c.SecurityContextPersistenceFilter : SecurityContextHolder now cleared, as request processing completed
2022-08-24 18:14:24.216 DEBUG 340628 --- [http-nio-8080-exec-6] o.s.security.web.FilterChainProxy        : /odata/UserRoles(2) at position 1 of 11 in additional filter chain; firing Filter: 'WebAsyncManagerIntegrationFilter'
2022-08-24 18:14:24.216 DEBUG 340628 --- [http-nio-8080-exec-6] o.s.security.web.FilterChainProxy        : /odata/UserRoles(2) at position 2 of 11 in additional filter chain; firing Filter: 'SecurityContextPersistenceFilter'
2022-08-24 18:14:24.216 DEBUG 340628 --- [http-nio-8080-exec-6] o.s.security.web.FilterChainProxy        : /odata/UserRoles(2) at position 3 of 11 in additional filter chain; firing Filter: 'HeaderWriterFilter'
2022-08-24 18:14:24.216 DEBUG 340628 --- [http-nio-8080-exec-6] o.s.security.web.FilterChainProxy        : /odata/UserRoles(2) at position 4 of 11 in additional filter chain; firing Filter: 'LogoutFilter'
2022-08-24 18:14:24.216 DEBUG 340628 --- [http-nio-8080-exec-6] o.s.s.web.util.matcher.OrRequestMatcher  : Trying to match using Ant [pattern='/logout', GET]
2022-08-24 18:14:24.216 DEBUG 340628 --- [http-nio-8080-exec-6] o.s.s.w.u.matcher.AntPathRequestMatcher  : Checking match of request : '/odata/UserRoles(2)'; against '/logout'
2022-08-24 18:14:24.216 DEBUG 340628 --- [http-nio-8080-exec-6] o.s.s.web.util.matcher.OrRequestMatcher  : Trying to match using Ant [pattern='/logout', POST]
2022-08-24 18:14:24.216 DEBUG 340628 --- [http-nio-8080-exec-6] o.s.s.w.u.matcher.AntPathRequestMatcher  : Request 'GET /odata/UserRoles(2)' doesn't match 'POST /logout'
2022-08-24 18:14:24.216 DEBUG 340628 --- [http-nio-8080-exec-6] o.s.s.web.util.matcher.OrRequestMatcher  : Trying to match using Ant [pattern='/logout', PUT]
2022-08-24 18:14:24.216 DEBUG 340628 --- [http-nio-8080-exec-6] o.s.s.w.u.matcher.AntPathRequestMatcher  : Request 'GET /odata/UserRoles(2)' doesn't match 'PUT /logout'
2022-08-24 18:14:24.216 DEBUG 340628 --- [http-nio-8080-exec-6] o.s.s.web.util.matcher.OrRequestMatcher  : Trying to match using Ant [pattern='/logout', DELETE]
2022-08-24 18:14:24.216 DEBUG 340628 --- [http-nio-8080-exec-6] o.s.s.w.u.matcher.AntPathRequestMatcher  : Request 'GET /odata/UserRoles(2)' doesn't match 'DELETE /logout'
2022-08-24 18:14:24.216 DEBUG 340628 --- [http-nio-8080-exec-6] o.s.s.web.util.matcher.OrRequestMatcher  : No matches found
2022-08-24 18:14:24.216 DEBUG 340628 --- [http-nio-8080-exec-6] o.s.security.web.FilterChainProxy        : /odata/UserRoles(2) at position 5 of 11 in additional filter chain; firing Filter: 'JwtRequestFilter'
2022-08-24 18:14:24.222 DEBUG 340628 --- [http-nio-8080-exec-6] o.s.security.web.FilterChainProxy        : /odata/UserRoles(2) at position 6 of 11 in additional filter chain; firing Filter: 'RequestCacheAwareFilter'
2022-08-24 18:14:24.222 DEBUG 340628 --- [http-nio-8080-exec-6] o.s.security.web.FilterChainProxy        : /odata/UserRoles(2) at position 7 of 11 in additional filter chain; firing Filter: 'SecurityContextHolderAwareRequestFilter'
2022-08-24 18:14:24.222 DEBUG 340628 --- [http-nio-8080-exec-6] o.s.security.web.FilterChainProxy        : /odata/UserRoles(2) at position 8 of 11 in additional filter chain; firing Filter: 'AnonymousAuthenticationFilter'
2022-08-24 18:14:24.222 DEBUG 340628 --- [http-nio-8080-exec-6] o.s.s.w.a.AnonymousAuthenticationFilter  : SecurityContextHolder not populated with anonymous token, as it already contained: 'org.springframework.security.authentication.UsernamePasswordAuthenticationToken@ce3f4c00: Principal: com.cmd.hms.gateway.model.MyUserDetails@31c026ba; Credentials: [PROTECTED]; Authenticated: true; Details: org.springframework.security.web.authentication.WebAuthenticationDetails@957e: RemoteIpAddress: 127.0.0.1; SessionId: null; Granted Authorities: ROLE_ADMIN, ROLE_ADMIN'
2022-08-24 18:14:24.222 DEBUG 340628 --- [http-nio-8080-exec-6] o.s.security.web.FilterChainProxy        : /odata/UserRoles(2) at position 9 of 11 in additional filter chain; firing Filter: 'SessionManagementFilter'
2022-08-24 18:14:24.222 DEBUG 340628 --- [http-nio-8080-exec-6] s.CompositeSessionAuthenticationStrategy : Delegating to org.springframework.security.web.authentication.session.ChangeSessionIdAuthenticationStrategy@31f5b923
2022-08-24 18:14:24.222 DEBUG 340628 --- [http-nio-8080-exec-6] o.s.security.web.FilterChainProxy        : /odata/UserRoles(2) at position 10 of 11 in additional filter chain; firing Filter: 'ExceptionTranslationFilter'
2022-08-24 18:14:24.222 DEBUG 340628 --- [http-nio-8080-exec-6] o.s.security.web.FilterChainProxy        : /odata/UserRoles(2) at position 11 of 11 in additional filter chain; firing Filter: 'FilterSecurityInterceptor'
2022-08-24 18:14:24.222 DEBUG 340628 --- [http-nio-8080-exec-6] o.s.s.w.u.matcher.AntPathRequestMatcher  : Checking match of request : '/odata/UserRoles(2)'; against '/authenticate'
2022-08-24 18:14:24.222 DEBUG 340628 --- [http-nio-8080-exec-6] o.s.s.w.u.matcher.AntPathRequestMatcher  : Checking match of request : '/odata/UserRoles(2)'; against '/odata/$metadata'
2022-08-24 18:14:24.222 DEBUG 340628 --- [http-nio-8080-exec-6] o.s.s.w.u.matcher.AntPathRequestMatcher  : Checking match of request : '/odata/UserRoles(2)'; against '/odata/**'
2022-08-24 18:14:24.222 DEBUG 340628 --- [http-nio-8080-exec-6] o.s.s.w.a.i.FilterSecurityInterceptor    : Secure object: FilterInvocation: URL: /odata/UserRoles(2); Attributes: [hasRole('ROLE_ADMIN')]
2022-08-24 18:14:24.223 DEBUG 340628 --- [http-nio-8080-exec-6] o.s.s.w.a.i.FilterSecurityInterceptor    : Previously Authenticated: org.springframework.security.authentication.UsernamePasswordAuthenticationToken@ce3f4c00: Principal: com.cmd.hms.gateway.model.MyUserDetails@31c026ba; Credentials: [PROTECTED]; Authenticated: true; Details: org.springframework.security.web.authentication.WebAuthenticationDetails@957e: RemoteIpAddress: 127.0.0.1; SessionId: null; Granted Authorities: ROLE_ADMIN, ROLE_ADMIN
2022-08-24 18:14:24.223 DEBUG 340628 --- [http-nio-8080-exec-6] o.s.s.access.vote.AffirmativeBased       : Voter: org.springframework.security.web.access.expression.WebExpressionVoter@4f1c1ce4, returned: 1
2022-08-24 18:14:24.223 DEBUG 340628 --- [http-nio-8080-exec-6] o.s.s.w.a.i.FilterSecurityInterceptor    : Authorization successful
2022-08-24 18:14:24.223 DEBUG 340628 --- [http-nio-8080-exec-6] o.s.s.w.a.i.FilterSecurityInterceptor    : RunAsManager did not change Authentication object
2022-08-24 18:14:24.223 DEBUG 340628 --- [http-nio-8080-exec-6] o.s.security.web.FilterChainProxy        : /odata/UserRoles(2) reached end of additional filter chain; proceeding with original chain
2022-08-24 18:14:24.234  INFO 340628 --- [http-nio-8080-exec-6] c.c.h.g.service.CustomODataJpaProcessor  : READ: Entity UserRoles called with key 2
2022-08-24 18:14:24.237 DEBUG 340628 --- [http-nio-8080-exec-6] o.s.s.w.header.writers.HstsHeaderWriter  : Not injecting HSTS header since it did not match the requestMatcher org.springframework.security.web.header.writers.HstsHeaderWriter$SecureRequestMatcher@73487996
2022-08-24 18:14:24.237 DEBUG 340628 --- [http-nio-8080-exec-6] o.s.s.w.a.ExceptionTranslationFilter     : Chain processed normally
2022-08-24 18:14:24.238 DEBUG 340628 --- [http-nio-8080-exec-6] s.s.w.c.SecurityContextPersistenceFilter : SecurityContextHolder now cleared, as request processing completed
2022-08-24 18:14:24.291 DEBUG 340628 --- [http-nio-8080-exec-8] o.s.security.web.FilterChainProxy        : /odata/UserRoles(2) at position 1 of 11 in additional filter chain; firing Filter: 'WebAsyncManagerIntegrationFilter'
2022-08-24 18:14:24.292 DEBUG 340628 --- [http-nio-8080-exec-8] o.s.security.web.FilterChainProxy        : /odata/UserRoles(2) at position 2 of 11 in additional filter chain; firing Filter: 'SecurityContextPersistenceFilter'
2022-08-24 18:14:24.292 DEBUG 340628 --- [http-nio-8080-exec-8] o.s.security.web.FilterChainProxy        : /odata/UserRoles(2) at position 3 of 11 in additional filter chain; firing Filter: 'HeaderWriterFilter'
2022-08-24 18:14:24.292 DEBUG 340628 --- [http-nio-8080-exec-8] o.s.security.web.FilterChainProxy        : /odata/UserRoles(2) at position 4 of 11 in additional filter chain; firing Filter: 'LogoutFilter'
2022-08-24 18:14:24.292 DEBUG 340628 --- [http-nio-8080-exec-8] o.s.s.web.util.matcher.OrRequestMatcher  : Trying to match using Ant [pattern='/logout', GET]
2022-08-24 18:14:24.292 DEBUG 340628 --- [http-nio-8080-exec-8] o.s.s.w.u.matcher.AntPathRequestMatcher  : Request 'PATCH /odata/UserRoles(2)' doesn't match 'GET /logout'
2022-08-24 18:14:24.292 DEBUG 340628 --- [http-nio-8080-exec-8] o.s.s.web.util.matcher.OrRequestMatcher  : Trying to match using Ant [pattern='/logout', POST]
2022-08-24 18:14:24.292 DEBUG 340628 --- [http-nio-8080-exec-8] o.s.s.w.u.matcher.AntPathRequestMatcher  : Request 'PATCH /odata/UserRoles(2)' doesn't match 'POST /logout'
2022-08-24 18:14:24.292 DEBUG 340628 --- [http-nio-8080-exec-8] o.s.s.web.util.matcher.OrRequestMatcher  : Trying to match using Ant [pattern='/logout', PUT]
2022-08-24 18:14:24.292 DEBUG 340628 --- [http-nio-8080-exec-8] o.s.s.w.u.matcher.AntPathRequestMatcher  : Request 'PATCH /odata/UserRoles(2)' doesn't match 'PUT /logout'
2022-08-24 18:14:24.292 DEBUG 340628 --- [http-nio-8080-exec-8] o.s.s.web.util.matcher.OrRequestMatcher  : Trying to match using Ant [pattern='/logout', DELETE]
2022-08-24 18:14:24.292 DEBUG 340628 --- [http-nio-8080-exec-8] o.s.s.w.u.matcher.AntPathRequestMatcher  : Request 'PATCH /odata/UserRoles(2)' doesn't match 'DELETE /logout'
2022-08-24 18:14:24.292 DEBUG 340628 --- [http-nio-8080-exec-8] o.s.s.web.util.matcher.OrRequestMatcher  : No matches found
2022-08-24 18:14:24.292 DEBUG 340628 --- [http-nio-8080-exec-8] o.s.security.web.FilterChainProxy        : /odata/UserRoles(2) at position 5 of 11 in additional filter chain; firing Filter: 'JwtRequestFilter'
2022-08-24 18:14:24.298 DEBUG 340628 --- [http-nio-8080-exec-8] o.s.security.web.FilterChainProxy        : /odata/UserRoles(2) at position 6 of 11 in additional filter chain; firing Filter: 'RequestCacheAwareFilter'
2022-08-24 18:14:24.298 DEBUG 340628 --- [http-nio-8080-exec-8] o.s.security.web.FilterChainProxy        : /odata/UserRoles(2) at position 7 of 11 in additional filter chain; firing Filter: 'SecurityContextHolderAwareRequestFilter'
2022-08-24 18:14:24.298 DEBUG 340628 --- [http-nio-8080-exec-8] o.s.security.web.FilterChainProxy        : /odata/UserRoles(2) at position 8 of 11 in additional filter chain; firing Filter: 'AnonymousAuthenticationFilter'
2022-08-24 18:14:24.298 DEBUG 340628 --- [http-nio-8080-exec-8] o.s.s.w.a.AnonymousAuthenticationFilter  : SecurityContextHolder not populated with anonymous token, as it already contained: 'org.springframework.security.authentication.UsernamePasswordAuthenticationToken@cb8d2c64: Principal: com.cmd.hms.gateway.model.MyUserDetails@347246de; Credentials: [PROTECTED]; Authenticated: true; Details: org.springframework.security.web.authentication.WebAuthenticationDetails@957e: RemoteIpAddress: 127.0.0.1; SessionId: null; Granted Authorities: ROLE_ADMIN, ROLE_ADMIN'
2022-08-24 18:14:24.298 DEBUG 340628 --- [http-nio-8080-exec-8] o.s.security.web.FilterChainProxy        : /odata/UserRoles(2) at position 9 of 11 in additional filter chain; firing Filter: 'SessionManagementFilter'
2022-08-24 18:14:24.298 DEBUG 340628 --- [http-nio-8080-exec-8] s.CompositeSessionAuthenticationStrategy : Delegating to org.springframework.security.web.authentication.session.ChangeSessionIdAuthenticationStrategy@31f5b923
2022-08-24 18:14:24.298 DEBUG 340628 --- [http-nio-8080-exec-8] o.s.security.web.FilterChainProxy        : /odata/UserRoles(2) at position 10 of 11 in additional filter chain; firing Filter: 'ExceptionTranslationFilter'
2022-08-24 18:14:24.298 DEBUG 340628 --- [http-nio-8080-exec-8] o.s.security.web.FilterChainProxy        : /odata/UserRoles(2) at position 11 of 11 in additional filter chain; firing Filter: 'FilterSecurityInterceptor'
2022-08-24 18:14:24.298 DEBUG 340628 --- [http-nio-8080-exec-8] o.s.s.w.u.matcher.AntPathRequestMatcher  : Checking match of request : '/odata/UserRoles(2)'; against '/authenticate'
2022-08-24 18:14:24.298 DEBUG 340628 --- [http-nio-8080-exec-8] o.s.s.w.u.matcher.AntPathRequestMatcher  : Checking match of request : '/odata/UserRoles(2)'; against '/odata/$metadata'
2022-08-24 18:14:24.298 DEBUG 340628 --- [http-nio-8080-exec-8] o.s.s.w.u.matcher.AntPathRequestMatcher  : Checking match of request : '/odata/UserRoles(2)'; against '/odata/**'
2022-08-24 18:14:24.298 DEBUG 340628 --- [http-nio-8080-exec-8] o.s.s.w.a.i.FilterSecurityInterceptor    : Secure object: FilterInvocation: URL: /odata/UserRoles(2); Attributes: [hasRole('ROLE_ADMIN')]
2022-08-24 18:14:24.298 DEBUG 340628 --- [http-nio-8080-exec-8] o.s.s.w.a.i.FilterSecurityInterceptor    : Previously Authenticated: org.springframework.security.authentication.UsernamePasswordAuthenticationToken@cb8d2c64: Principal: com.cmd.hms.gateway.model.MyUserDetails@347246de; Credentials: [PROTECTED]; Authenticated: true; Details: org.springframework.security.web.authentication.WebAuthenticationDetails@957e: RemoteIpAddress: 127.0.0.1; SessionId: null; Granted Authorities: ROLE_ADMIN, ROLE_ADMIN
2022-08-24 18:14:24.299 DEBUG 340628 --- [http-nio-8080-exec-8] o.s.s.access.vote.AffirmativeBased       : Voter: org.springframework.security.web.access.expression.WebExpressionVoter@4f1c1ce4, returned: 1
2022-08-24 18:14:24.299 DEBUG 340628 --- [http-nio-8080-exec-8] o.s.s.w.a.i.FilterSecurityInterceptor    : Authorization successful
2022-08-24 18:14:24.299 DEBUG 340628 --- [http-nio-8080-exec-8] o.s.s.w.a.i.FilterSecurityInterceptor    : RunAsManager did not change Authentication object
2022-08-24 18:14:24.299 DEBUG 340628 --- [http-nio-8080-exec-8] o.s.security.web.FilterChainProxy        : /odata/UserRoles(2) reached end of additional filter chain; proceeding with original chain
2022-08-24 18:14:24.303  INFO 340628 --- [http-nio-8080-exec-8] c.c.h.g.service.CustomODataJpaProcessor  : PUT: Entity UserRoles called with key 2
2022-08-24 18:14:24.307  WARN 340628 --- [http-nio-8080-exec-8] o.h.engine.jdbc.spi.SqlExceptionHelper   : SQL Error: 23506, SQLState: 23506
2022-08-24 18:14:24.307 ERROR 340628 --- [http-nio-8080-exec-8] o.h.engine.jdbc.spi.SqlExceptionHelper   : Referential integrity constraint violation: "FKJ345GK1BOVQVFAME88RCX7YYX: PUBLIC.USER_ROLE FOREIGN KEY(USER_ID) REFERENCES PUBLIC.USERS(USER_ID) (300)"; SQL statement:
update user_role set role_id=?, user_id=? where user_role_id=? [23506-200]
2022-08-24 18:14:24.310 DEBUG 340628 --- [http-nio-8080-exec-8] o.s.s.w.header.writers.HstsHeaderWriter  : Not injecting HSTS header since it did not match the requestMatcher org.springframework.security.web.header.writers.HstsHeaderWriter$SecureRequestMatcher@73487996
2022-08-24 18:14:24.312 DEBUG 340628 --- [http-nio-8080-exec-8] o.s.s.w.a.ExceptionTranslationFilter     : Chain processed normally
2022-08-24 18:14:24.312 DEBUG 340628 --- [http-nio-8080-exec-8] s.s.w.c.SecurityContextPersistenceFilter : SecurityContextHolder now cleared, as request processing completed
2022-08-24 18:14:24.315 DEBUG 340628 --- [http-nio-8080-exec-9] o.s.security.web.FilterChainProxy        : /odata/UserRoles(2) at position 1 of 11 in additional filter chain; firing Filter: 'WebAsyncManagerIntegrationFilter'
2022-08-24 18:14:24.315 DEBUG 340628 --- [http-nio-8080-exec-9] o.s.security.web.FilterChainProxy        : /odata/UserRoles(2) at position 2 of 11 in additional filter chain; firing Filter: 'SecurityContextPersistenceFilter'
2022-08-24 18:14:24.315 DEBUG 340628 --- [http-nio-8080-exec-9] o.s.security.web.FilterChainProxy        : /odata/UserRoles(2) at position 3 of 11 in additional filter chain; firing Filter: 'HeaderWriterFilter'
2022-08-24 18:14:24.315 DEBUG 340628 --- [http-nio-8080-exec-9] o.s.security.web.FilterChainProxy        : /odata/UserRoles(2) at position 4 of 11 in additional filter chain; firing Filter: 'LogoutFilter'
2022-08-24 18:14:24.316 DEBUG 340628 --- [http-nio-8080-exec-9] o.s.s.web.util.matcher.OrRequestMatcher  : Trying to match using Ant [pattern='/logout', GET]
2022-08-24 18:14:24.316 DEBUG 340628 --- [http-nio-8080-exec-9] o.s.s.w.u.matcher.AntPathRequestMatcher  : Checking match of request : '/odata/UserRoles(2)'; against '/logout'
2022-08-24 18:14:24.316 DEBUG 340628 --- [http-nio-8080-exec-9] o.s.s.web.util.matcher.OrRequestMatcher  : Trying to match using Ant [pattern='/logout', POST]
2022-08-24 18:14:24.316 DEBUG 340628 --- [http-nio-8080-exec-9] o.s.s.w.u.matcher.AntPathRequestMatcher  : Request 'GET /odata/UserRoles(2)' doesn't match 'POST /logout'
2022-08-24 18:14:24.316 DEBUG 340628 --- [http-nio-8080-exec-9] o.s.s.web.util.matcher.OrRequestMatcher  : Trying to match using Ant [pattern='/logout', PUT]
2022-08-24 18:14:24.316 DEBUG 340628 --- [http-nio-8080-exec-9] o.s.s.w.u.matcher.AntPathRequestMatcher  : Request 'GET /odata/UserRoles(2)' doesn't match 'PUT /logout'
2022-08-24 18:14:24.316 DEBUG 340628 --- [http-nio-8080-exec-9] o.s.s.web.util.matcher.OrRequestMatcher  : Trying to match using Ant [pattern='/logout', DELETE]
2022-08-24 18:14:24.316 DEBUG 340628 --- [http-nio-8080-exec-9] o.s.s.w.u.matcher.AntPathRequestMatcher  : Request 'GET /odata/UserRoles(2)' doesn't match 'DELETE /logout'
2022-08-24 18:14:24.316 DEBUG 340628 --- [http-nio-8080-exec-9] o.s.s.web.util.matcher.OrRequestMatcher  : No matches found
2022-08-24 18:14:24.316 DEBUG 340628 --- [http-nio-8080-exec-9] o.s.security.web.FilterChainProxy        : /odata/UserRoles(2) at position 5 of 11 in additional filter chain; firing Filter: 'JwtRequestFilter'
2022-08-24 18:14:24.322 DEBUG 340628 --- [http-nio-8080-exec-9] o.s.security.web.FilterChainProxy        : /odata/UserRoles(2) at position 6 of 11 in additional filter chain; firing Filter: 'RequestCacheAwareFilter'
2022-08-24 18:14:24.323 DEBUG 340628 --- [http-nio-8080-exec-9] o.s.security.web.FilterChainProxy        : /odata/UserRoles(2) at position 7 of 11 in additional filter chain; firing Filter: 'SecurityContextHolderAwareRequestFilter'
2022-08-24 18:14:24.323 DEBUG 340628 --- [http-nio-8080-exec-9] o.s.security.web.FilterChainProxy        : /odata/UserRoles(2) at position 8 of 11 in additional filter chain; firing Filter: 'AnonymousAuthenticationFilter'
2022-08-24 18:14:24.323 DEBUG 340628 --- [http-nio-8080-exec-9] o.s.s.w.a.AnonymousAuthenticationFilter  : SecurityContextHolder not populated with anonymous token, as it already contained: 'org.springframework.security.authentication.UsernamePasswordAuthenticationToken@9b798f4c: Principal: com.cmd.hms.gateway.model.MyUserDetails@6486e5f6; Credentials: [PROTECTED]; Authenticated: true; Details: org.springframework.security.web.authentication.WebAuthenticationDetails@957e: RemoteIpAddress: 127.0.0.1; SessionId: null; Granted Authorities: ROLE_ADMIN, ROLE_ADMIN'
2022-08-24 18:14:24.323 DEBUG 340628 --- [http-nio-8080-exec-9] o.s.security.web.FilterChainProxy        : /odata/UserRoles(2) at position 9 of 11 in additional filter chain; firing Filter: 'SessionManagementFilter'
2022-08-24 18:14:24.323 DEBUG 340628 --- [http-nio-8080-exec-9] s.CompositeSessionAuthenticationStrategy : Delegating to org.springframework.security.web.authentication.session.ChangeSessionIdAuthenticationStrategy@31f5b923
2022-08-24 18:14:24.323 DEBUG 340628 --- [http-nio-8080-exec-9] o.s.security.web.FilterChainProxy        : /odata/UserRoles(2) at position 10 of 11 in additional filter chain; firing Filter: 'ExceptionTranslationFilter'
2022-08-24 18:14:24.323 DEBUG 340628 --- [http-nio-8080-exec-9] o.s.security.web.FilterChainProxy        : /odata/UserRoles(2) at position 11 of 11 in additional filter chain; firing Filter: 'FilterSecurityInterceptor'
2022-08-24 18:14:24.323 DEBUG 340628 --- [http-nio-8080-exec-9] o.s.s.w.u.matcher.AntPathRequestMatcher  : Checking match of request : '/odata/UserRoles(2)'; against '/authenticate'
2022-08-24 18:14:24.323 DEBUG 340628 --- [http-nio-8080-exec-9] o.s.s.w.u.matcher.AntPathRequestMatcher  : Checking match of request : '/odata/UserRoles(2)'; against '/odata/$metadata'
2022-08-24 18:14:24.323 DEBUG 340628 --- [http-nio-8080-exec-9] o.s.s.w.u.matcher.AntPathRequestMatcher  : Checking match of request : '/odata/UserRoles(2)'; against '/odata/**'
2022-08-24 18:14:24.323 DEBUG 340628 --- [http-nio-8080-exec-9] o.s.s.w.a.i.FilterSecurityInterceptor    : Secure object: FilterInvocation: URL: /odata/UserRoles(2); Attributes: [hasRole('ROLE_ADMIN')]
2022-08-24 18:14:24.323 DEBUG 340628 --- [http-nio-8080-exec-9] o.s.s.w.a.i.FilterSecurityInterceptor    : Previously Authenticated: org.springframework.security.authentication.UsernamePasswordAuthenticationToken@9b798f4c: Principal: com.cmd.hms.gateway.model.MyUserDetails@6486e5f6; Credentials: [PROTECTED]; Authenticated: true; Details: org.springframework.security.web.authentication.WebAuthenticationDetails@957e: RemoteIpAddress: 127.0.0.1; SessionId: null; Granted Authorities: ROLE_ADMIN, ROLE_ADMIN
2022-08-24 18:14:24.323 DEBUG 340628 --- [http-nio-8080-exec-9] o.s.s.access.vote.AffirmativeBased       : Voter: org.springframework.security.web.access.expression.WebExpressionVoter@4f1c1ce4, returned: 1
2022-08-24 18:14:24.323 DEBUG 340628 --- [http-nio-8080-exec-9] o.s.s.w.a.i.FilterSecurityInterceptor    : Authorization successful
2022-08-24 18:14:24.323 DEBUG 340628 --- [http-nio-8080-exec-9] o.s.s.w.a.i.FilterSecurityInterceptor    : RunAsManager did not change Authentication object
2022-08-24 18:14:24.323 DEBUG 340628 --- [http-nio-8080-exec-9] o.s.security.web.FilterChainProxy        : /odata/UserRoles(2) reached end of additional filter chain; proceeding with original chain
2022-08-24 18:14:24.327  INFO 340628 --- [http-nio-8080-exec-9] c.c.h.g.service.CustomODataJpaProcessor  : READ: Entity UserRoles called with key 2
2022-08-24 18:14:24.331 DEBUG 340628 --- [http-nio-8080-exec-9] o.s.s.w.header.writers.HstsHeaderWriter  : Not injecting HSTS header since it did not match the requestMatcher org.springframework.security.web.header.writers.HstsHeaderWriter$SecureRequestMatcher@73487996
2022-08-24 18:14:24.332 DEBUG 340628 --- [http-nio-8080-exec-9] o.s.s.w.a.ExceptionTranslationFilter     : Chain processed normally
2022-08-24 18:14:24.333 DEBUG 340628 --- [http-nio-8080-exec-9] s.s.w.c.SecurityContextPersistenceFilter : SecurityContextHolder now cleared, as request processing completed
2022-08-24 18:14:24.385 DEBUG 340628 --- [http-nio-8080-exec-10] o.s.security.web.FilterChainProxy        : /odata/UserRoles(2) at position 1 of 11 in additional filter chain; firing Filter: 'WebAsyncManagerIntegrationFilter'
2022-08-24 18:14:24.385 DEBUG 340628 --- [http-nio-8080-exec-10] o.s.security.web.FilterChainProxy        : /odata/UserRoles(2) at position 2 of 11 in additional filter chain; firing Filter: 'SecurityContextPersistenceFilter'
2022-08-24 18:14:24.385 DEBUG 340628 --- [http-nio-8080-exec-10] o.s.security.web.FilterChainProxy        : /odata/UserRoles(2) at position 3 of 11 in additional filter chain; firing Filter: 'HeaderWriterFilter'
2022-08-24 18:14:24.385 DEBUG 340628 --- [http-nio-8080-exec-10] o.s.security.web.FilterChainProxy        : /odata/UserRoles(2) at position 4 of 11 in additional filter chain; firing Filter: 'LogoutFilter'
2022-08-24 18:14:24.385 DEBUG 340628 --- [http-nio-8080-exec-10] o.s.s.web.util.matcher.OrRequestMatcher  : Trying to match using Ant [pattern='/logout', GET]
2022-08-24 18:14:24.385 DEBUG 340628 --- [http-nio-8080-exec-10] o.s.s.w.u.matcher.AntPathRequestMatcher  : Checking match of request : '/odata/UserRoles(2)'; against '/logout'
2022-08-24 18:14:24.386 DEBUG 340628 --- [http-nio-8080-exec-10] o.s.s.web.util.matcher.OrRequestMatcher  : Trying to match using Ant [pattern='/logout', POST]
2022-08-24 18:14:24.386 DEBUG 340628 --- [http-nio-8080-exec-10] o.s.s.w.u.matcher.AntPathRequestMatcher  : Request 'GET /odata/UserRoles(2)' doesn't match 'POST /logout'
2022-08-24 18:14:24.386 DEBUG 340628 --- [http-nio-8080-exec-10] o.s.s.web.util.matcher.OrRequestMatcher  : Trying to match using Ant [pattern='/logout', PUT]
2022-08-24 18:14:24.386 DEBUG 340628 --- [http-nio-8080-exec-10] o.s.s.w.u.matcher.AntPathRequestMatcher  : Request 'GET /odata/UserRoles(2)' doesn't match 'PUT /logout'
2022-08-24 18:14:24.386 DEBUG 340628 --- [http-nio-8080-exec-10] o.s.s.web.util.matcher.OrRequestMatcher  : Trying to match using Ant [pattern='/logout', DELETE]
2022-08-24 18:14:24.386 DEBUG 340628 --- [http-nio-8080-exec-10] o.s.s.w.u.matcher.AntPathRequestMatcher  : Request 'GET /odata/UserRoles(2)' doesn't match 'DELETE /logout'
2022-08-24 18:14:24.386 DEBUG 340628 --- [http-nio-8080-exec-10] o.s.s.web.util.matcher.OrRequestMatcher  : No matches found
2022-08-24 18:14:24.386 DEBUG 340628 --- [http-nio-8080-exec-10] o.s.security.web.FilterChainProxy        : /odata/UserRoles(2) at position 5 of 11 in additional filter chain; firing Filter: 'JwtRequestFilter'
2022-08-24 18:14:24.391 DEBUG 340628 --- [http-nio-8080-exec-10] o.s.security.web.FilterChainProxy        : /odata/UserRoles(2) at position 6 of 11 in additional filter chain; firing Filter: 'RequestCacheAwareFilter'
2022-08-24 18:14:24.392 DEBUG 340628 --- [http-nio-8080-exec-10] o.s.security.web.FilterChainProxy        : /odata/UserRoles(2) at position 7 of 11 in additional filter chain; firing Filter: 'SecurityContextHolderAwareRequestFilter'
2022-08-24 18:14:24.392 DEBUG 340628 --- [http-nio-8080-exec-10] o.s.security.web.FilterChainProxy        : /odata/UserRoles(2) at position 8 of 11 in additional filter chain; firing Filter: 'AnonymousAuthenticationFilter'
2022-08-24 18:14:24.392 DEBUG 340628 --- [http-nio-8080-exec-10] o.s.s.w.a.AnonymousAuthenticationFilter  : SecurityContextHolder not populated with anonymous token, as it already contained: 'org.springframework.security.authentication.UsernamePasswordAuthenticationToken@f492aa7b: Principal: com.cmd.hms.gateway.model.MyUserDetails@b6dc0c1; Credentials: [PROTECTED]; Authenticated: true; Details: org.springframework.security.web.authentication.WebAuthenticationDetails@957e: RemoteIpAddress: 127.0.0.1; SessionId: null; Granted Authorities: ROLE_ADMIN, ROLE_ADMIN'
2022-08-24 18:14:24.392 DEBUG 340628 --- [http-nio-8080-exec-10] o.s.security.web.FilterChainProxy        : /odata/UserRoles(2) at position 9 of 11 in additional filter chain; firing Filter: 'SessionManagementFilter'
2022-08-24 18:14:24.392 DEBUG 340628 --- [http-nio-8080-exec-10] s.CompositeSessionAuthenticationStrategy : Delegating to org.springframework.security.web.authentication.session.ChangeSessionIdAuthenticationStrategy@31f5b923
2022-08-24 18:14:24.392 DEBUG 340628 --- [http-nio-8080-exec-10] o.s.security.web.FilterChainProxy        : /odata/UserRoles(2) at position 10 of 11 in additional filter chain; firing Filter: 'ExceptionTranslationFilter'
2022-08-24 18:14:24.392 DEBUG 340628 --- [http-nio-8080-exec-10] o.s.security.web.FilterChainProxy        : /odata/UserRoles(2) at position 11 of 11 in additional filter chain; firing Filter: 'FilterSecurityInterceptor'
2022-08-24 18:14:24.392 DEBUG 340628 --- [http-nio-8080-exec-10] o.s.s.w.u.matcher.AntPathRequestMatcher  : Checking match of request : '/odata/UserRoles(2)'; against '/authenticate'
2022-08-24 18:14:24.392 DEBUG 340628 --- [http-nio-8080-exec-10] o.s.s.w.u.matcher.AntPathRequestMatcher  : Checking match of request : '/odata/UserRoles(2)'; against '/odata/$metadata'
2022-08-24 18:14:24.392 DEBUG 340628 --- [http-nio-8080-exec-10] o.s.s.w.u.matcher.AntPathRequestMatcher  : Checking match of request : '/odata/UserRoles(2)'; against '/odata/**'
2022-08-24 18:14:24.392 DEBUG 340628 --- [http-nio-8080-exec-10] o.s.s.w.a.i.FilterSecurityInterceptor    : Secure object: FilterInvocation: URL: /odata/UserRoles(2); Attributes: [hasRole('ROLE_ADMIN')]
2022-08-24 18:14:24.392 DEBUG 340628 --- [http-nio-8080-exec-10] o.s.s.w.a.i.FilterSecurityInterceptor    : Previously Authenticated: org.springframework.security.authentication.UsernamePasswordAuthenticationToken@f492aa7b: Principal: com.cmd.hms.gateway.model.MyUserDetails@b6dc0c1; Credentials: [PROTECTED]; Authenticated: true; Details: org.springframework.security.web.authentication.WebAuthenticationDetails@957e: RemoteIpAddress: 127.0.0.1; SessionId: null; Granted Authorities: ROLE_ADMIN, ROLE_ADMIN
2022-08-24 18:14:24.393 DEBUG 340628 --- [http-nio-8080-exec-10] o.s.s.access.vote.AffirmativeBased       : Voter: org.springframework.security.web.access.expression.WebExpressionVoter@4f1c1ce4, returned: 1
2022-08-24 18:14:24.393 DEBUG 340628 --- [http-nio-8080-exec-10] o.s.s.w.a.i.FilterSecurityInterceptor    : Authorization successful
2022-08-24 18:14:24.393 DEBUG 340628 --- [http-nio-8080-exec-10] o.s.s.w.a.i.FilterSecurityInterceptor    : RunAsManager did not change Authentication object
2022-08-24 18:14:24.393 DEBUG 340628 --- [http-nio-8080-exec-10] o.s.security.web.FilterChainProxy        : /odata/UserRoles(2) reached end of additional filter chain; proceeding with original chain
2022-08-24 18:14:24.398  INFO 340628 --- [http-nio-8080-exec-10] c.c.h.g.service.CustomODataJpaProcessor  : READ: Entity UserRoles called with key 2
2022-08-24 18:14:24.402 DEBUG 340628 --- [http-nio-8080-exec-10] o.s.s.w.header.writers.HstsHeaderWriter  : Not injecting HSTS header since it did not match the requestMatcher org.springframework.security.web.header.writers.HstsHeaderWriter$SecureRequestMatcher@73487996
2022-08-24 18:14:24.402 DEBUG 340628 --- [http-nio-8080-exec-10] o.s.s.w.a.ExceptionTranslationFilter     : Chain processed normally
2022-08-24 18:14:24.402 DEBUG 340628 --- [http-nio-8080-exec-10] s.s.w.c.SecurityContextPersistenceFilter : SecurityContextHolder now cleared, as request processing completed
2022-08-24 18:14:24.444 DEBUG 340628 --- [http-nio-8080-exec-1] o.s.security.web.FilterChainProxy        : /odata/UserRoles(2) at position 1 of 11 in additional filter chain; firing Filter: 'WebAsyncManagerIntegrationFilter'
2022-08-24 18:14:24.444 DEBUG 340628 --- [http-nio-8080-exec-1] o.s.security.web.FilterChainProxy        : /odata/UserRoles(2) at position 2 of 11 in additional filter chain; firing Filter: 'SecurityContextPersistenceFilter'
2022-08-24 18:14:24.444 DEBUG 340628 --- [http-nio-8080-exec-1] o.s.security.web.FilterChainProxy        : /odata/UserRoles(2) at position 3 of 11 in additional filter chain; firing Filter: 'HeaderWriterFilter'
2022-08-24 18:14:24.444 DEBUG 340628 --- [http-nio-8080-exec-1] o.s.security.web.FilterChainProxy        : /odata/UserRoles(2) at position 4 of 11 in additional filter chain; firing Filter: 'LogoutFilter'
2022-08-24 18:14:24.444 DEBUG 340628 --- [http-nio-8080-exec-1] o.s.s.web.util.matcher.OrRequestMatcher  : Trying to match using Ant [pattern='/logout', GET]
2022-08-24 18:14:24.444 DEBUG 340628 --- [http-nio-8080-exec-1] o.s.s.w.u.matcher.AntPathRequestMatcher  : Request 'PATCH /odata/UserRoles(2)' doesn't match 'GET /logout'
2022-08-24 18:14:24.444 DEBUG 340628 --- [http-nio-8080-exec-1] o.s.s.web.util.matcher.OrRequestMatcher  : Trying to match using Ant [pattern='/logout', POST]
2022-08-24 18:14:24.444 DEBUG 340628 --- [http-nio-8080-exec-1] o.s.s.w.u.matcher.AntPathRequestMatcher  : Request 'PATCH /odata/UserRoles(2)' doesn't match 'POST /logout'
2022-08-24 18:14:24.444 DEBUG 340628 --- [http-nio-8080-exec-1] o.s.s.web.util.matcher.OrRequestMatcher  : Trying to match using Ant [pattern='/logout', PUT]
2022-08-24 18:14:24.444 DEBUG 340628 --- [http-nio-8080-exec-1] o.s.s.w.u.matcher.AntPathRequestMatcher  : Request 'PATCH /odata/UserRoles(2)' doesn't match 'PUT /logout'
2022-08-24 18:14:24.444 DEBUG 340628 --- [http-nio-8080-exec-1] o.s.s.web.util.matcher.OrRequestMatcher  : Trying to match using Ant [pattern='/logout', DELETE]
2022-08-24 18:14:24.445 DEBUG 340628 --- [http-nio-8080-exec-1] o.s.s.w.u.matcher.AntPathRequestMatcher  : Request 'PATCH /odata/UserRoles(2)' doesn't match 'DELETE /logout'
2022-08-24 18:14:24.445 DEBUG 340628 --- [http-nio-8080-exec-1] o.s.s.web.util.matcher.OrRequestMatcher  : No matches found
2022-08-24 18:14:24.445 DEBUG 340628 --- [http-nio-8080-exec-1] o.s.security.web.FilterChainProxy        : /odata/UserRoles(2) at position 5 of 11 in additional filter chain; firing Filter: 'JwtRequestFilter'
2022-08-24 18:14:24.451 DEBUG 340628 --- [http-nio-8080-exec-1] o.s.security.web.FilterChainProxy        : /odata/UserRoles(2) at position 6 of 11 in additional filter chain; firing Filter: 'RequestCacheAwareFilter'
2022-08-24 18:14:24.451 DEBUG 340628 --- [http-nio-8080-exec-1] o.s.security.web.FilterChainProxy        : /odata/UserRoles(2) at position 7 of 11 in additional filter chain; firing Filter: 'SecurityContextHolderAwareRequestFilter'
2022-08-24 18:14:24.451 DEBUG 340628 --- [http-nio-8080-exec-1] o.s.security.web.FilterChainProxy        : /odata/UserRoles(2) at position 8 of 11 in additional filter chain; firing Filter: 'AnonymousAuthenticationFilter'
2022-08-24 18:14:24.451 DEBUG 340628 --- [http-nio-8080-exec-1] o.s.s.w.a.AnonymousAuthenticationFilter  : SecurityContextHolder not populated with anonymous token, as it already contained: 'org.springframework.security.authentication.UsernamePasswordAuthenticationToken@f8532764: Principal: com.cmd.hms.gateway.model.MyUserDetails@7ac4dde; Credentials: [PROTECTED]; Authenticated: true; Details: org.springframework.security.web.authentication.WebAuthenticationDetails@957e: RemoteIpAddress: 127.0.0.1; SessionId: null; Granted Authorities: ROLE_ADMIN, ROLE_ADMIN'
2022-08-24 18:14:24.451 DEBUG 340628 --- [http-nio-8080-exec-1] o.s.security.web.FilterChainProxy        : /odata/UserRoles(2) at position 9 of 11 in additional filter chain; firing Filter: 'SessionManagementFilter'
2022-08-24 18:14:24.452 DEBUG 340628 --- [http-nio-8080-exec-1] s.CompositeSessionAuthenticationStrategy : Delegating to org.springframework.security.web.authentication.session.ChangeSessionIdAuthenticationStrategy@31f5b923
2022-08-24 18:14:24.452 DEBUG 340628 --- [http-nio-8080-exec-1] o.s.security.web.FilterChainProxy        : /odata/UserRoles(2) at position 10 of 11 in additional filter chain; firing Filter: 'ExceptionTranslationFilter'
2022-08-24 18:14:24.452 DEBUG 340628 --- [http-nio-8080-exec-1] o.s.security.web.FilterChainProxy        : /odata/UserRoles(2) at position 11 of 11 in additional filter chain; firing Filter: 'FilterSecurityInterceptor'
2022-08-24 18:14:24.452 DEBUG 340628 --- [http-nio-8080-exec-1] o.s.s.w.u.matcher.AntPathRequestMatcher  : Checking match of request : '/odata/UserRoles(2)'; against '/authenticate'
2022-08-24 18:14:24.452 DEBUG 340628 --- [http-nio-8080-exec-1] o.s.s.w.u.matcher.AntPathRequestMatcher  : Checking match of request : '/odata/UserRoles(2)'; against '/odata/$metadata'
2022-08-24 18:14:24.452 DEBUG 340628 --- [http-nio-8080-exec-1] o.s.s.w.u.matcher.AntPathRequestMatcher  : Checking match of request : '/odata/UserRoles(2)'; against '/odata/**'
2022-08-24 18:14:24.452 DEBUG 340628 --- [http-nio-8080-exec-1] o.s.s.w.a.i.FilterSecurityInterceptor    : Secure object: FilterInvocation: URL: /odata/UserRoles(2); Attributes: [hasRole('ROLE_ADMIN')]
2022-08-24 18:14:24.452 DEBUG 340628 --- [http-nio-8080-exec-1] o.s.s.w.a.i.FilterSecurityInterceptor    : Previously Authenticated: org.springframework.security.authentication.UsernamePasswordAuthenticationToken@f8532764: Principal: com.cmd.hms.gateway.model.MyUserDetails@7ac4dde; Credentials: [PROTECTED]; Authenticated: true; Details: org.springframework.security.web.authentication.WebAuthenticationDetails@957e: RemoteIpAddress: 127.0.0.1; SessionId: null; Granted Authorities: ROLE_ADMIN, ROLE_ADMIN
2022-08-24 18:14:24.452 DEBUG 340628 --- [http-nio-8080-exec-1] o.s.s.access.vote.AffirmativeBased       : Voter: org.springframework.security.web.access.expression.WebExpressionVoter@4f1c1ce4, returned: 1
2022-08-24 18:14:24.452 DEBUG 340628 --- [http-nio-8080-exec-1] o.s.s.w.a.i.FilterSecurityInterceptor    : Authorization successful
2022-08-24 18:14:24.452 DEBUG 340628 --- [http-nio-8080-exec-1] o.s.s.w.a.i.FilterSecurityInterceptor    : RunAsManager did not change Authentication object
2022-08-24 18:14:24.452 DEBUG 340628 --- [http-nio-8080-exec-1] o.s.security.web.FilterChainProxy        : /odata/UserRoles(2) reached end of additional filter chain; proceeding with original chain
2022-08-24 18:14:24.456  INFO 340628 --- [http-nio-8080-exec-1] c.c.h.g.service.CustomODataJpaProcessor  : PUT: Entity UserRoles called with key 2
2022-08-24 18:14:24.463 DEBUG 340628 --- [http-nio-8080-exec-1] o.s.s.w.a.ExceptionTranslationFilter     : Chain processed normally
2022-08-24 18:14:24.463 DEBUG 340628 --- [http-nio-8080-exec-1] o.s.s.w.header.writers.HstsHeaderWriter  : Not injecting HSTS header since it did not match the requestMatcher org.springframework.security.web.header.writers.HstsHeaderWriter$SecureRequestMatcher@73487996
2022-08-24 18:14:24.463 DEBUG 340628 --- [http-nio-8080-exec-1] s.s.w.c.SecurityContextPersistenceFilter : SecurityContextHolder now cleared, as request processing completed
2022-08-24 18:14:24.467 DEBUG 340628 --- [http-nio-8080-exec-2] o.s.security.web.FilterChainProxy        : /odata/UserRoles(2) at position 1 of 11 in additional filter chain; firing Filter: 'WebAsyncManagerIntegrationFilter'
2022-08-24 18:14:24.467 DEBUG 340628 --- [http-nio-8080-exec-2] o.s.security.web.FilterChainProxy        : /odata/UserRoles(2) at position 2 of 11 in additional filter chain; firing Filter: 'SecurityContextPersistenceFilter'
2022-08-24 18:14:24.467 DEBUG 340628 --- [http-nio-8080-exec-2] o.s.security.web.FilterChainProxy        : /odata/UserRoles(2) at position 3 of 11 in additional filter chain; firing Filter: 'HeaderWriterFilter'
2022-08-24 18:14:24.467 DEBUG 340628 --- [http-nio-8080-exec-2] o.s.security.web.FilterChainProxy        : /odata/UserRoles(2) at position 4 of 11 in additional filter chain; firing Filter: 'LogoutFilter'
2022-08-24 18:14:24.467 DEBUG 340628 --- [http-nio-8080-exec-2] o.s.s.web.util.matcher.OrRequestMatcher  : Trying to match using Ant [pattern='/logout', GET]
2022-08-24 18:14:24.467 DEBUG 340628 --- [http-nio-8080-exec-2] o.s.s.w.u.matcher.AntPathRequestMatcher  : Checking match of request : '/odata/UserRoles(2)'; against '/logout'
2022-08-24 18:14:24.467 DEBUG 340628 --- [http-nio-8080-exec-2] o.s.s.web.util.matcher.OrRequestMatcher  : Trying to match using Ant [pattern='/logout', POST]
2022-08-24 18:14:24.467 DEBUG 340628 --- [http-nio-8080-exec-2] o.s.s.w.u.matcher.AntPathRequestMatcher  : Request 'GET /odata/UserRoles(2)' doesn't match 'POST /logout'
2022-08-24 18:14:24.467 DEBUG 340628 --- [http-nio-8080-exec-2] o.s.s.web.util.matcher.OrRequestMatcher  : Trying to match using Ant [pattern='/logout', PUT]
2022-08-24 18:14:24.467 DEBUG 340628 --- [http-nio-8080-exec-2] o.s.s.w.u.matcher.AntPathRequestMatcher  : Request 'GET /odata/UserRoles(2)' doesn't match 'PUT /logout'
2022-08-24 18:14:24.467 DEBUG 340628 --- [http-nio-8080-exec-2] o.s.s.web.util.matcher.OrRequestMatcher  : Trying to match using Ant [pattern='/logout', DELETE]
2022-08-24 18:14:24.467 DEBUG 340628 --- [http-nio-8080-exec-2] o.s.s.w.u.matcher.AntPathRequestMatcher  : Request 'GET /odata/UserRoles(2)' doesn't match 'DELETE /logout'
2022-08-24 18:14:24.467 DEBUG 340628 --- [http-nio-8080-exec-2] o.s.s.web.util.matcher.OrRequestMatcher  : No matches found
2022-08-24 18:14:24.467 DEBUG 340628 --- [http-nio-8080-exec-2] o.s.security.web.FilterChainProxy        : /odata/UserRoles(2) at position 5 of 11 in additional filter chain; firing Filter: 'JwtRequestFilter'
2022-08-24 18:14:24.475 DEBUG 340628 --- [http-nio-8080-exec-2] o.s.security.web.FilterChainProxy        : /odata/UserRoles(2) at position 6 of 11 in additional filter chain; firing Filter: 'RequestCacheAwareFilter'
2022-08-24 18:14:24.475 DEBUG 340628 --- [http-nio-8080-exec-2] o.s.security.web.FilterChainProxy        : /odata/UserRoles(2) at position 7 of 11 in additional filter chain; firing Filter: 'SecurityContextHolderAwareRequestFilter'
2022-08-24 18:14:24.475 DEBUG 340628 --- [http-nio-8080-exec-2] o.s.security.web.FilterChainProxy        : /odata/UserRoles(2) at position 8 of 11 in additional filter chain; firing Filter: 'AnonymousAuthenticationFilter'
2022-08-24 18:14:24.475 DEBUG 340628 --- [http-nio-8080-exec-2] o.s.s.w.a.AnonymousAuthenticationFilter  : SecurityContextHolder not populated with anonymous token, as it already contained: 'org.springframework.security.authentication.UsernamePasswordAuthenticationToken@ec51e913: Principal: com.cmd.hms.gateway.model.MyUserDetails@13ae83a9; Credentials: [PROTECTED]; Authenticated: true; Details: org.springframework.security.web.authentication.WebAuthenticationDetails@957e: RemoteIpAddress: 127.0.0.1; SessionId: null; Granted Authorities: ROLE_ADMIN, ROLE_ADMIN'
2022-08-24 18:14:24.475 DEBUG 340628 --- [http-nio-8080-exec-2] o.s.security.web.FilterChainProxy        : /odata/UserRoles(2) at position 9 of 11 in additional filter chain; firing Filter: 'SessionManagementFilter'
2022-08-24 18:14:24.475 DEBUG 340628 --- [http-nio-8080-exec-2] s.CompositeSessionAuthenticationStrategy : Delegating to org.springframework.security.web.authentication.session.ChangeSessionIdAuthenticationStrategy@31f5b923
2022-08-24 18:14:24.475 DEBUG 340628 --- [http-nio-8080-exec-2] o.s.security.web.FilterChainProxy        : /odata/UserRoles(2) at position 10 of 11 in additional filter chain; firing Filter: 'ExceptionTranslationFilter'
2022-08-24 18:14:24.476 DEBUG 340628 --- [http-nio-8080-exec-2] o.s.security.web.FilterChainProxy        : /odata/UserRoles(2) at position 11 of 11 in additional filter chain; firing Filter: 'FilterSecurityInterceptor'
2022-08-24 18:14:24.476 DEBUG 340628 --- [http-nio-8080-exec-2] o.s.s.w.u.matcher.AntPathRequestMatcher  : Checking match of request : '/odata/UserRoles(2)'; against '/authenticate'
2022-08-24 18:14:24.476 DEBUG 340628 --- [http-nio-8080-exec-2] o.s.s.w.u.matcher.AntPathRequestMatcher  : Checking match of request : '/odata/UserRoles(2)'; against '/odata/$metadata'
2022-08-24 18:14:24.476 DEBUG 340628 --- [http-nio-8080-exec-2] o.s.s.w.u.matcher.AntPathRequestMatcher  : Checking match of request : '/odata/UserRoles(2)'; against '/odata/**'
2022-08-24 18:14:24.476 DEBUG 340628 --- [http-nio-8080-exec-2] o.s.s.w.a.i.FilterSecurityInterceptor    : Secure object: FilterInvocation: URL: /odata/UserRoles(2); Attributes: [hasRole('ROLE_ADMIN')]
2022-08-24 18:14:24.476 DEBUG 340628 --- [http-nio-8080-exec-2] o.s.s.w.a.i.FilterSecurityInterceptor    : Previously Authenticated: org.springframework.security.authentication.UsernamePasswordAuthenticationToken@ec51e913: Principal: com.cmd.hms.gateway.model.MyUserDetails@13ae83a9; Credentials: [PROTECTED]; Authenticated: true; Details: org.springframework.security.web.authentication.WebAuthenticationDetails@957e: RemoteIpAddress: 127.0.0.1; SessionId: null; Granted Authorities: ROLE_ADMIN, ROLE_ADMIN
2022-08-24 18:14:24.476 DEBUG 340628 --- [http-nio-8080-exec-2] o.s.s.access.vote.AffirmativeBased       : Voter: org.springframework.security.web.access.expression.WebExpressionVoter@4f1c1ce4, returned: 1
2022-08-24 18:14:24.476 DEBUG 340628 --- [http-nio-8080-exec-2] o.s.s.w.a.i.FilterSecurityInterceptor    : Authorization successful
2022-08-24 18:14:24.476 DEBUG 340628 --- [http-nio-8080-exec-2] o.s.s.w.a.i.FilterSecurityInterceptor    : RunAsManager did not change Authentication object
2022-08-24 18:14:24.476 DEBUG 340628 --- [http-nio-8080-exec-2] o.s.security.web.FilterChainProxy        : /odata/UserRoles(2) reached end of additional filter chain; proceeding with original chain
2022-08-24 18:14:24.480  INFO 340628 --- [http-nio-8080-exec-2] c.c.h.g.service.CustomODataJpaProcessor  : READ: Entity UserRoles called with key 2
2022-08-24 18:14:24.484 DEBUG 340628 --- [http-nio-8080-exec-2] o.s.s.w.header.writers.HstsHeaderWriter  : Not injecting HSTS header since it did not match the requestMatcher org.springframework.security.web.header.writers.HstsHeaderWriter$SecureRequestMatcher@73487996
2022-08-24 18:14:24.485 DEBUG 340628 --- [http-nio-8080-exec-2] o.s.s.w.a.ExceptionTranslationFilter     : Chain processed normally
2022-08-24 18:14:24.485 DEBUG 340628 --- [http-nio-8080-exec-2] s.s.w.c.SecurityContextPersistenceFilter : SecurityContextHolder now cleared, as request processing completed
2022-08-24 18:14:24.533 DEBUG 340628 --- [http-nio-8080-exec-3] o.s.security.web.FilterChainProxy        : /odata/UserRoles(3) at position 1 of 11 in additional filter chain; firing Filter: 'WebAsyncManagerIntegrationFilter'
2022-08-24 18:14:24.534 DEBUG 340628 --- [http-nio-8080-exec-3] o.s.security.web.FilterChainProxy        : /odata/UserRoles(3) at position 2 of 11 in additional filter chain; firing Filter: 'SecurityContextPersistenceFilter'
2022-08-24 18:14:24.534 DEBUG 340628 --- [http-nio-8080-exec-3] o.s.security.web.FilterChainProxy        : /odata/UserRoles(3) at position 3 of 11 in additional filter chain; firing Filter: 'HeaderWriterFilter'
2022-08-24 18:14:24.534 DEBUG 340628 --- [http-nio-8080-exec-3] o.s.security.web.FilterChainProxy        : /odata/UserRoles(3) at position 4 of 11 in additional filter chain; firing Filter: 'LogoutFilter'
2022-08-24 18:14:24.534 DEBUG 340628 --- [http-nio-8080-exec-3] o.s.s.web.util.matcher.OrRequestMatcher  : Trying to match using Ant [pattern='/logout', GET]
2022-08-24 18:14:24.534 DEBUG 340628 --- [http-nio-8080-exec-3] o.s.s.w.u.matcher.AntPathRequestMatcher  : Request 'DELETE /odata/UserRoles(3)' doesn't match 'GET /logout'
2022-08-24 18:14:24.534 DEBUG 340628 --- [http-nio-8080-exec-3] o.s.s.web.util.matcher.OrRequestMatcher  : Trying to match using Ant [pattern='/logout', POST]
2022-08-24 18:14:24.534 DEBUG 340628 --- [http-nio-8080-exec-3] o.s.s.w.u.matcher.AntPathRequestMatcher  : Request 'DELETE /odata/UserRoles(3)' doesn't match 'POST /logout'
2022-08-24 18:14:24.534 DEBUG 340628 --- [http-nio-8080-exec-3] o.s.s.web.util.matcher.OrRequestMatcher  : Trying to match using Ant [pattern='/logout', PUT]
2022-08-24 18:14:24.534 DEBUG 340628 --- [http-nio-8080-exec-3] o.s.s.w.u.matcher.AntPathRequestMatcher  : Request 'DELETE /odata/UserRoles(3)' doesn't match 'PUT /logout'
2022-08-24 18:14:24.534 DEBUG 340628 --- [http-nio-8080-exec-3] o.s.s.web.util.matcher.OrRequestMatcher  : Trying to match using Ant [pattern='/logout', DELETE]
2022-08-24 18:14:24.534 DEBUG 340628 --- [http-nio-8080-exec-3] o.s.s.w.u.matcher.AntPathRequestMatcher  : Checking match of request : '/odata/UserRoles(3)'; against '/logout'
2022-08-24 18:14:24.534 DEBUG 340628 --- [http-nio-8080-exec-3] o.s.s.web.util.matcher.OrRequestMatcher  : No matches found
2022-08-24 18:14:24.535 DEBUG 340628 --- [http-nio-8080-exec-3] o.s.security.web.FilterChainProxy        : /odata/UserRoles(3) at position 5 of 11 in additional filter chain; firing Filter: 'JwtRequestFilter'
2022-08-24 18:14:24.545 DEBUG 340628 --- [http-nio-8080-exec-3] o.s.security.web.FilterChainProxy        : /odata/UserRoles(3) at position 6 of 11 in additional filter chain; firing Filter: 'RequestCacheAwareFilter'
2022-08-24 18:14:24.546 DEBUG 340628 --- [http-nio-8080-exec-3] o.s.security.web.FilterChainProxy        : /odata/UserRoles(3) at position 7 of 11 in additional filter chain; firing Filter: 'SecurityContextHolderAwareRequestFilter'
2022-08-24 18:14:24.546 DEBUG 340628 --- [http-nio-8080-exec-3] o.s.security.web.FilterChainProxy        : /odata/UserRoles(3) at position 8 of 11 in additional filter chain; firing Filter: 'AnonymousAuthenticationFilter'
2022-08-24 18:14:24.546 DEBUG 340628 --- [http-nio-8080-exec-3] o.s.s.w.a.AnonymousAuthenticationFilter  : SecurityContextHolder not populated with anonymous token, as it already contained: 'org.springframework.security.authentication.UsernamePasswordAuthenticationToken@ce5f519f: Principal: com.cmd.hms.gateway.model.MyUserDetails@31a03b25; Credentials: [PROTECTED]; Authenticated: true; Details: org.springframework.security.web.authentication.WebAuthenticationDetails@957e: RemoteIpAddress: 127.0.0.1; SessionId: null; Granted Authorities: ROLE_ADMIN, ROLE_ADMIN'
2022-08-24 18:14:24.546 DEBUG 340628 --- [http-nio-8080-exec-3] o.s.security.web.FilterChainProxy        : /odata/UserRoles(3) at position 9 of 11 in additional filter chain; firing Filter: 'SessionManagementFilter'
2022-08-24 18:14:24.546 DEBUG 340628 --- [http-nio-8080-exec-3] s.CompositeSessionAuthenticationStrategy : Delegating to org.springframework.security.web.authentication.session.ChangeSessionIdAuthenticationStrategy@31f5b923
2022-08-24 18:14:24.546 DEBUG 340628 --- [http-nio-8080-exec-3] o.s.security.web.FilterChainProxy        : /odata/UserRoles(3) at position 10 of 11 in additional filter chain; firing Filter: 'ExceptionTranslationFilter'
2022-08-24 18:14:24.546 DEBUG 340628 --- [http-nio-8080-exec-3] o.s.security.web.FilterChainProxy        : /odata/UserRoles(3) at position 11 of 11 in additional filter chain; firing Filter: 'FilterSecurityInterceptor'
2022-08-24 18:14:24.546 DEBUG 340628 --- [http-nio-8080-exec-3] o.s.s.w.u.matcher.AntPathRequestMatcher  : Checking match of request : '/odata/UserRoles(3)'; against '/authenticate'
2022-08-24 18:14:24.546 DEBUG 340628 --- [http-nio-8080-exec-3] o.s.s.w.u.matcher.AntPathRequestMatcher  : Checking match of request : '/odata/UserRoles(3)'; against '/odata/$metadata'
2022-08-24 18:14:24.547 DEBUG 340628 --- [http-nio-8080-exec-3] o.s.s.w.u.matcher.AntPathRequestMatcher  : Checking match of request : '/odata/UserRoles(3)'; against '/odata/**'
2022-08-24 18:14:24.547 DEBUG 340628 --- [http-nio-8080-exec-3] o.s.s.w.a.i.FilterSecurityInterceptor    : Secure object: FilterInvocation: URL: /odata/UserRoles(3); Attributes: [hasRole('ROLE_ADMIN')]
2022-08-24 18:14:24.547 DEBUG 340628 --- [http-nio-8080-exec-3] o.s.s.w.a.i.FilterSecurityInterceptor    : Previously Authenticated: org.springframework.security.authentication.UsernamePasswordAuthenticationToken@ce5f519f: Principal: com.cmd.hms.gateway.model.MyUserDetails@31a03b25; Credentials: [PROTECTED]; Authenticated: true; Details: org.springframework.security.web.authentication.WebAuthenticationDetails@957e: RemoteIpAddress: 127.0.0.1; SessionId: null; Granted Authorities: ROLE_ADMIN, ROLE_ADMIN
2022-08-24 18:14:24.547 DEBUG 340628 --- [http-nio-8080-exec-3] o.s.s.access.vote.AffirmativeBased       : Voter: org.springframework.security.web.access.expression.WebExpressionVoter@4f1c1ce4, returned: 1
2022-08-24 18:14:24.548 DEBUG 340628 --- [http-nio-8080-exec-3] o.s.s.w.a.i.FilterSecurityInterceptor    : Authorization successful
2022-08-24 18:14:24.548 DEBUG 340628 --- [http-nio-8080-exec-3] o.s.s.w.a.i.FilterSecurityInterceptor    : RunAsManager did not change Authentication object
2022-08-24 18:14:24.548 DEBUG 340628 --- [http-nio-8080-exec-3] o.s.security.web.FilterChainProxy        : /odata/UserRoles(3) reached end of additional filter chain; proceeding with original chain
2022-08-24 18:14:24.555  INFO 340628 --- [http-nio-8080-exec-3] c.c.h.g.service.CustomODataJpaProcessor  : DELETE: Entity UserRoles called with key 3
2022-08-24 18:14:24.560 DEBUG 340628 --- [http-nio-8080-exec-3] o.s.s.w.a.ExceptionTranslationFilter     : Chain processed normally
2022-08-24 18:14:24.561 DEBUG 340628 --- [http-nio-8080-exec-3] o.s.s.w.header.writers.HstsHeaderWriter  : Not injecting HSTS header since it did not match the requestMatcher org.springframework.security.web.header.writers.HstsHeaderWriter$SecureRequestMatcher@73487996
2022-08-24 18:14:24.561 DEBUG 340628 --- [http-nio-8080-exec-3] s.s.w.c.SecurityContextPersistenceFilter : SecurityContextHolder now cleared, as request processing completed
2022-08-24 18:14:24.564 DEBUG 340628 --- [http-nio-8080-exec-4] o.s.security.web.FilterChainProxy        : /odata/UserRoles at position 1 of 11 in additional filter chain; firing Filter: 'WebAsyncManagerIntegrationFilter'
2022-08-24 18:14:24.564 DEBUG 340628 --- [http-nio-8080-exec-4] o.s.security.web.FilterChainProxy        : /odata/UserRoles at position 2 of 11 in additional filter chain; firing Filter: 'SecurityContextPersistenceFilter'
2022-08-24 18:14:24.564 DEBUG 340628 --- [http-nio-8080-exec-4] o.s.security.web.FilterChainProxy        : /odata/UserRoles at position 3 of 11 in additional filter chain; firing Filter: 'HeaderWriterFilter'
2022-08-24 18:14:24.564 DEBUG 340628 --- [http-nio-8080-exec-4] o.s.security.web.FilterChainProxy        : /odata/UserRoles at position 4 of 11 in additional filter chain; firing Filter: 'LogoutFilter'
2022-08-24 18:14:24.564 DEBUG 340628 --- [http-nio-8080-exec-4] o.s.s.web.util.matcher.OrRequestMatcher  : Trying to match using Ant [pattern='/logout', GET]
2022-08-24 18:14:24.564 DEBUG 340628 --- [http-nio-8080-exec-4] o.s.s.w.u.matcher.AntPathRequestMatcher  : Checking match of request : '/odata/UserRoles'; against '/logout'
2022-08-24 18:14:24.564 DEBUG 340628 --- [http-nio-8080-exec-4] o.s.s.web.util.matcher.OrRequestMatcher  : Trying to match using Ant [pattern='/logout', POST]
2022-08-24 18:14:24.564 DEBUG 340628 --- [http-nio-8080-exec-4] o.s.s.w.u.matcher.AntPathRequestMatcher  : Request 'GET /odata/UserRoles' doesn't match 'POST /logout'
2022-08-24 18:14:24.564 DEBUG 340628 --- [http-nio-8080-exec-4] o.s.s.web.util.matcher.OrRequestMatcher  : Trying to match using Ant [pattern='/logout', PUT]
2022-08-24 18:14:24.565 DEBUG 340628 --- [http-nio-8080-exec-4] o.s.s.w.u.matcher.AntPathRequestMatcher  : Request 'GET /odata/UserRoles' doesn't match 'PUT /logout'
2022-08-24 18:14:24.565 DEBUG 340628 --- [http-nio-8080-exec-4] o.s.s.web.util.matcher.OrRequestMatcher  : Trying to match using Ant [pattern='/logout', DELETE]
2022-08-24 18:14:24.565 DEBUG 340628 --- [http-nio-8080-exec-4] o.s.s.w.u.matcher.AntPathRequestMatcher  : Request 'GET /odata/UserRoles' doesn't match 'DELETE /logout'
2022-08-24 18:14:24.565 DEBUG 340628 --- [http-nio-8080-exec-4] o.s.s.web.util.matcher.OrRequestMatcher  : No matches found
2022-08-24 18:14:24.565 DEBUG 340628 --- [http-nio-8080-exec-4] o.s.security.web.FilterChainProxy        : /odata/UserRoles at position 5 of 11 in additional filter chain; firing Filter: 'JwtRequestFilter'
2022-08-24 18:14:24.571 DEBUG 340628 --- [http-nio-8080-exec-4] o.s.security.web.FilterChainProxy        : /odata/UserRoles at position 6 of 11 in additional filter chain; firing Filter: 'RequestCacheAwareFilter'
2022-08-24 18:14:24.571 DEBUG 340628 --- [http-nio-8080-exec-4] o.s.security.web.FilterChainProxy        : /odata/UserRoles at position 7 of 11 in additional filter chain; firing Filter: 'SecurityContextHolderAwareRequestFilter'
2022-08-24 18:14:24.571 DEBUG 340628 --- [http-nio-8080-exec-4] o.s.security.web.FilterChainProxy        : /odata/UserRoles at position 8 of 11 in additional filter chain; firing Filter: 'AnonymousAuthenticationFilter'
2022-08-24 18:14:24.571 DEBUG 340628 --- [http-nio-8080-exec-4] o.s.s.w.a.AnonymousAuthenticationFilter  : SecurityContextHolder not populated with anonymous token, as it already contained: 'org.springframework.security.authentication.UsernamePasswordAuthenticationToken@bd473e2f: Principal: com.cmd.hms.gateway.model.MyUserDetails@42b85495; Credentials: [PROTECTED]; Authenticated: true; Details: org.springframework.security.web.authentication.WebAuthenticationDetails@957e: RemoteIpAddress: 127.0.0.1; SessionId: null; Granted Authorities: ROLE_ADMIN, ROLE_ADMIN'
2022-08-24 18:14:24.571 DEBUG 340628 --- [http-nio-8080-exec-4] o.s.security.web.FilterChainProxy        : /odata/UserRoles at position 9 of 11 in additional filter chain; firing Filter: 'SessionManagementFilter'
2022-08-24 18:14:24.571 DEBUG 340628 --- [http-nio-8080-exec-4] s.CompositeSessionAuthenticationStrategy : Delegating to org.springframework.security.web.authentication.session.ChangeSessionIdAuthenticationStrategy@31f5b923
2022-08-24 18:14:24.571 DEBUG 340628 --- [http-nio-8080-exec-4] o.s.security.web.FilterChainProxy        : /odata/UserRoles at position 10 of 11 in additional filter chain; firing Filter: 'ExceptionTranslationFilter'
2022-08-24 18:14:24.571 DEBUG 340628 --- [http-nio-8080-exec-4] o.s.security.web.FilterChainProxy        : /odata/UserRoles at position 11 of 11 in additional filter chain; firing Filter: 'FilterSecurityInterceptor'
2022-08-24 18:14:24.571 DEBUG 340628 --- [http-nio-8080-exec-4] o.s.s.w.u.matcher.AntPathRequestMatcher  : Checking match of request : '/odata/UserRoles'; against '/authenticate'
2022-08-24 18:14:24.571 DEBUG 340628 --- [http-nio-8080-exec-4] o.s.s.w.u.matcher.AntPathRequestMatcher  : Checking match of request : '/odata/UserRoles'; against '/odata/$metadata'
2022-08-24 18:14:24.571 DEBUG 340628 --- [http-nio-8080-exec-4] o.s.s.w.u.matcher.AntPathRequestMatcher  : Checking match of request : '/odata/UserRoles'; against '/odata/**'
2022-08-24 18:14:24.571 DEBUG 340628 --- [http-nio-8080-exec-4] o.s.s.w.a.i.FilterSecurityInterceptor    : Secure object: FilterInvocation: URL: /odata/UserRoles; Attributes: [hasRole('ROLE_ADMIN')]
2022-08-24 18:14:24.571 DEBUG 340628 --- [http-nio-8080-exec-4] o.s.s.w.a.i.FilterSecurityInterceptor    : Previously Authenticated: org.springframework.security.authentication.UsernamePasswordAuthenticationToken@bd473e2f: Principal: com.cmd.hms.gateway.model.MyUserDetails@42b85495; Credentials: [PROTECTED]; Authenticated: true; Details: org.springframework.security.web.authentication.WebAuthenticationDetails@957e: RemoteIpAddress: 127.0.0.1; SessionId: null; Granted Authorities: ROLE_ADMIN, ROLE_ADMIN
2022-08-24 18:14:24.575 DEBUG 340628 --- [http-nio-8080-exec-4] o.s.s.access.vote.AffirmativeBased       : Voter: org.springframework.security.web.access.expression.WebExpressionVoter@4f1c1ce4, returned: 1
2022-08-24 18:14:24.575 DEBUG 340628 --- [http-nio-8080-exec-4] o.s.s.w.a.i.FilterSecurityInterceptor    : Authorization successful
2022-08-24 18:14:24.575 DEBUG 340628 --- [http-nio-8080-exec-4] o.s.s.w.a.i.FilterSecurityInterceptor    : RunAsManager did not change Authentication object
2022-08-24 18:14:24.575 DEBUG 340628 --- [http-nio-8080-exec-4] o.s.security.web.FilterChainProxy        : /odata/UserRoles reached end of additional filter chain; proceeding with original chain
2022-08-24 18:14:24.578  INFO 340628 --- [http-nio-8080-exec-4] c.c.h.g.service.CustomODataJpaProcessor  : READ: Entity Set UserRoles called
2022-08-24 18:14:24.584 DEBUG 340628 --- [http-nio-8080-exec-4] o.s.s.w.header.writers.HstsHeaderWriter  : Not injecting HSTS header since it did not match the requestMatcher org.springframework.security.web.header.writers.HstsHeaderWriter$SecureRequestMatcher@73487996
2022-08-24 18:14:24.584 DEBUG 340628 --- [http-nio-8080-exec-4] o.s.s.w.a.ExceptionTranslationFilter     : Chain processed normally
2022-08-24 18:14:24.584 DEBUG 340628 --- [http-nio-8080-exec-4] s.s.w.c.SecurityContextPersistenceFilter : SecurityContextHolder now cleared, as request processing completed
2022-08-24 18:14:24.644  INFO 340628 --- [SpringContextShutdownHook] com.zaxxer.hikari.HikariDataSource       : HikariPool-1 - Shutdown initiated...
2022-08-24 18:14:24.647  INFO 340628 --- [SpringContextShutdownHook] com.zaxxer.hikari.HikariDataSource       : HikariPool-1 - Shutdown completed.
